The system is: Linux - 2.6.30.9-90.fc11.x86_64 - x86_64
Compiling the C compiler identification source file "CMakeCCompilerId.c" succeeded.
Compiler: /usr/lib64/ccache/gcc 
Build flags: 
Id flags: 

The output was:
0


Compilation of the C compiler identification source "CMakeCCompilerId.c" produced "a.out"

The C compiler identification is GNU, found in "/home/krm15/SVNROOT/Publications/kishore/InsightJournal/AdaptiveThreshold/code/BUILD/CMakeFiles/CompilerIdC/a.out"

Compiling the CXX compiler identification source file "CMakeCXXCompilerId.cpp" succeeded.
Compiler: /usr/lib64/ccache/c++ 
Build flags: 
Id flags: 

The output was:
0
CMakeCXXCompilerId.cpp:67: warning: deprecated conversion from string constant to ‘char*’
CMakeCXXCompilerId.cpp:157: warning: deprecated conversion from string constant to ‘char*’


Compilation of the CXX compiler identification source "CMakeCXXCompilerId.cpp" produced "a.out"

The CXX compiler identification is GNU, found in "/home/krm15/SVNROOT/Publications/kishore/InsightJournal/AdaptiveThreshold/code/BUILD/CMakeFiles/CompilerIdCXX/a.out"

Determining if the C compiler works passed with the following output:
Change Dir: /home/krm15/SVNROOT/Publications/kishore/InsightJournal/AdaptiveThreshold/code/BUILD/CMakeFiles/CMakeTmp

Run Build Command:/usr/bin/gmake "cmTryCompileExec/fast"
/usr/bin/gmake -f CMakeFiles/cmTryCompileExec.dir/build.make CMakeFiles/cmTryCompileExec.dir/build
gmake[1]: Entering directory `/home/krm15/SVNROOT/Publications/kishore/InsightJournal/AdaptiveThreshold/code/BUILD/CMakeFiles/CMakeTmp'
/usr/bin/cmake -E cmake_progress_report /home/krm15/SVNROOT/Publications/kishore/InsightJournal/AdaptiveThreshold/code/BUILD/CMakeFiles/CMakeTmp/CMakeFiles 1
Building C object CMakeFiles/cmTryCompileExec.dir/testCCompiler.c.o
/usr/lib64/ccache/gcc    -o CMakeFiles/cmTryCompileExec.dir/testCCompiler.c.o   -c /home/krm15/SVNROOT/Publications/kishore/InsightJournal/AdaptiveThreshold/code/BUILD/CMakeFiles/CMakeTmp/testCCompiler.c
Linking C executable cmTryCompileExec
/usr/bin/cmake -E cmake_link_script CMakeFiles/cmTryCompileExec.dir/link.txt --verbose=1
/usr/lib64/ccache/gcc       -fPIC CMakeFiles/cmTryCompileExec.dir/testCCompiler.c.o  -o cmTryCompileExec -rdynamic 
gmake[1]: Leaving directory `/home/krm15/SVNROOT/Publications/kishore/InsightJournal/AdaptiveThreshold/code/BUILD/CMakeFiles/CMakeTmp'


Detecting C compiler ABI info compiled with the following output:
Change Dir: /home/krm15/SVNROOT/Publications/kishore/InsightJournal/AdaptiveThreshold/code/BUILD/CMakeFiles/CMakeTmp

Run Build Command:/usr/bin/gmake "cmTryCompileExec/fast"
/usr/bin/gmake -f CMakeFiles/cmTryCompileExec.dir/build.make CMakeFiles/cmTryCompileExec.dir/build
gmake[1]: Entering directory `/home/krm15/SVNROOT/Publications/kishore/InsightJournal/AdaptiveThreshold/code/BUILD/CMakeFiles/CMakeTmp'
/usr/bin/cmake -E cmake_progress_report /home/krm15/SVNROOT/Publications/kishore/InsightJournal/AdaptiveThreshold/code/BUILD/CMakeFiles/CMakeTmp/CMakeFiles 1
Building C object CMakeFiles/cmTryCompileExec.dir/CMakeCCompilerABI.c.o
/usr/lib64/ccache/gcc    -o CMakeFiles/cmTryCompileExec.dir/CMakeCCompilerABI.c.o   -c /usr/share/cmake/Modules/CMakeCCompilerABI.c
Linking C executable cmTryCompileExec
/usr/bin/cmake -E cmake_link_script CMakeFiles/cmTryCompileExec.dir/link.txt --verbose=1
/usr/lib64/ccache/gcc       -fPIC CMakeFiles/cmTryCompileExec.dir/CMakeCCompilerABI.c.o  -o cmTryCompileExec -rdynamic 
gmake[1]: Leaving directory `/home/krm15/SVNROOT/Publications/kishore/InsightJournal/AdaptiveThreshold/code/BUILD/CMakeFiles/CMakeTmp'


Determining if the CXX compiler works passed with the following output:
Change Dir: /home/krm15/SVNROOT/Publications/kishore/InsightJournal/AdaptiveThreshold/code/BUILD/CMakeFiles/CMakeTmp

Run Build Command:/usr/bin/gmake "cmTryCompileExec/fast"
/usr/bin/gmake -f CMakeFiles/cmTryCompileExec.dir/build.make CMakeFiles/cmTryCompileExec.dir/build
gmake[1]: Entering directory `/home/krm15/SVNROOT/Publications/kishore/InsightJournal/AdaptiveThreshold/code/BUILD/CMakeFiles/CMakeTmp'
/usr/bin/cmake -E cmake_progress_report /home/krm15/SVNROOT/Publications/kishore/InsightJournal/AdaptiveThreshold/code/BUILD/CMakeFiles/CMakeTmp/CMakeFiles 1
Building CXX object CMakeFiles/cmTryCompileExec.dir/testCXXCompiler.cxx.o
/usr/lib64/ccache/c++     -o CMakeFiles/cmTryCompileExec.dir/testCXXCompiler.cxx.o -c /home/krm15/SVNROOT/Publications/kishore/InsightJournal/AdaptiveThreshold/code/BUILD/CMakeFiles/CMakeTmp/testCXXCompiler.cxx
Linking CXX executable cmTryCompileExec
/usr/bin/cmake -E cmake_link_script CMakeFiles/cmTryCompileExec.dir/link.txt --verbose=1
/usr/lib64/ccache/c++        -fPIC CMakeFiles/cmTryCompileExec.dir/testCXXCompiler.cxx.o  -o cmTryCompileExec -rdynamic 
gmake[1]: Leaving directory `/home/krm15/SVNROOT/Publications/kishore/InsightJournal/AdaptiveThreshold/code/BUILD/CMakeFiles/CMakeTmp'


Detecting CXX compiler ABI info compiled with the following output:
Change Dir: /home/krm15/SVNROOT/Publications/kishore/InsightJournal/AdaptiveThreshold/code/BUILD/CMakeFiles/CMakeTmp

Run Build Command:/usr/bin/gmake "cmTryCompileExec/fast"
/usr/bin/gmake -f CMakeFiles/cmTryCompileExec.dir/build.make CMakeFiles/cmTryCompileExec.dir/build
gmake[1]: Entering directory `/home/krm15/SVNROOT/Publications/kishore/InsightJournal/AdaptiveThreshold/code/BUILD/CMakeFiles/CMakeTmp'
/usr/bin/cmake -E cmake_progress_report /home/krm15/SVNROOT/Publications/kishore/InsightJournal/AdaptiveThreshold/code/BUILD/CMakeFiles/CMakeTmp/CMakeFiles 1
Building CXX object CMakeFiles/cmTryCompileExec.dir/CMakeCXXCompilerABI.cpp.o
/usr/lib64/ccache/c++     -o CMakeFiles/cmTryCompileExec.dir/CMakeCXXCompilerABI.cpp.o -c /usr/share/cmake/Modules/CMakeCXXCompilerABI.cpp
Linking CXX executable cmTryCompileExec
/usr/bin/cmake -E cmake_link_script CMakeFiles/cmTryCompileExec.dir/link.txt --verbose=1
/usr/lib64/ccache/c++        -fPIC CMakeFiles/cmTryCompileExec.dir/CMakeCXXCompilerABI.cpp.o  -o cmTryCompileExec -rdynamic 
gmake[1]: Leaving directory `/home/krm15/SVNROOT/Publications/kishore/InsightJournal/AdaptiveThreshold/code/BUILD/CMakeFiles/CMakeTmp'


